2019-11-16 20:06:05.198  INFO 28892 --- [restartedMain] com.accp.MoneyApplication                : Starting MoneyApplication on BF-201811281012 with PID 28892 (C:\Users\Administrator\git\java30project\Money\target\classes started by Administrator in C:\Users\Administrator\git\java30project\Money)
2019-11-16 20:06:05.200 DEBUG 28892 --- [restartedMain] com.accp.MoneyApplication                : Running with Spring Boot v2.2.1.RELEASE, Spring v5.2.1.RELEASE
2019-11-16 20:06:05.201  INFO 28892 --- [restartedMain] com.accp.MoneyApplication                : No active profile set, falling back to default profiles: default
2019-11-16 20:06:06.890  WARN 28892 --- [restartedMain] org.apache.tomcat.util.modeler.Registry  : The MBean registry cannot be disabled because it has already been initialised
2019-11-16 20:06:06.963  INFO 28892 --- [restartedMain] o.s.b.w.embedded.tomcat.TomcatWebServer  : Tomcat initialized with port(s): 8080 (http)
2019-11-16 20:06:06.967  INFO 28892 --- [restartedMain] o.apache.catalina.core.StandardService   : Starting service [Tomcat]
2019-11-16 20:06:06.967  INFO 28892 --- [restartedMain] org.apache.catalina.core.StandardEngine  : Starting Servlet engine: [Apache Tomcat/9.0.27]
2019-11-16 20:06:07.238  INFO 28892 --- [restartedMain] o.a.c.c.C.[Tomcat-15].[localhost].[/]    : Initializing Spring embedded WebApplicationContext
2019-11-16 20:06:07.239 DEBUG 28892 --- [restartedMain] o.s.web.context.ContextLoader            : Published root WebApplicationContext as ServletContext attribute with name [org.springframework.web.context.WebApplicationContext.ROOT]
2019-11-16 20:06:07.239  INFO 28892 --- [restartedMain] o.s.web.context.ContextLoader            : Root WebApplicationContext: initialization completed in 2020 ms
2019-11-16 20:06:07.277  WARN 28892 --- [restartedMain] ConfigServletWebServerApplicationContext : Exception encountered during context initialization - cancelling refresh attempt: org.springframework.beans.factory.UnsatisfiedDependencyException: Error creating bean with name 'mvcConfig': Unsatisfied dependency expressed through method 'addResourceHandlers' parameter 0; nested exception is org.springframework.beans.factory.NoSuchBeanDefinitionException: No qualifying bean of type 'org.springframework.web.servlet.config.annotation.ResourceHandlerRegistry' available: expected at least 1 bean which qualifies as autowire candidate. Dependency annotations: {}
2019-11-16 20:06:07.281  INFO 28892 --- [restartedMain] o.apache.catalina.core.StandardService   : Stopping service [Tomcat]
2019-11-16 20:06:07.291  INFO 28892 --- [restartedMain] ConditionEvaluationReportLoggingListener : 

Error starting ApplicationContext. To display the conditions report re-run your application with 'debug' enabled.
2019-11-16 20:06:07.491 ERROR 28892 --- [restartedMain] o.s.b.d.LoggingFailureAnalysisReporter   : 

***************************
APPLICATION FAILED TO START
***************************

Description:

Parameter 0 of method addResourceHandlers in com.accp.config.MvcConfig required a bean of type 'org.springframework.web.servlet.config.annotation.ResourceHandlerRegistry' that could not be found.


Action:

Consider defining a bean of type 'org.springframework.web.servlet.config.annotation.ResourceHandlerRegistry' in your configuration.

2019-11-16 20:06:40.752  INFO 45908 --- [restartedMain] com.accp.MoneyApplication                : Starting MoneyApplication on BF-201811281012 with PID 45908 (C:\Users\Administrator\git\java30project\Money\target\classes started by Administrator in C:\Users\Administrator\git\java30project\Money)
2019-11-16 20:06:40.757 DEBUG 45908 --- [restartedMain] com.accp.MoneyApplication                : Running with Spring Boot v2.2.1.RELEASE, Spring v5.2.1.RELEASE
2019-11-16 20:06:40.758  INFO 45908 --- [restartedMain] com.accp.MoneyApplication                : No active profile set, falling back to default profiles: default
2019-11-16 20:06:40.955  INFO 45908 --- [restartedMain] .e.DevToolsPropertyDefaultsPostProcessor : Devtools property defaults active! Set 'spring.devtools.add-properties' to 'false' to disable
2019-11-16 20:06:40.956  INFO 45908 --- [restartedMain] .e.DevToolsPropertyDefaultsPostProcessor : For additional web related logging consider setting the 'logging.level.web' property to 'DEBUG'
2019-11-16 20:06:45.006  INFO 45908 --- [restartedMain] o.s.b.w.embedded.tomcat.TomcatWebServer  : Tomcat initialized with port(s): 8080 (http)
2019-11-16 20:06:45.043  INFO 45908 --- [restartedMain] o.apache.catalina.core.StandardService   : Starting service [Tomcat]
2019-11-16 20:06:45.043  INFO 45908 --- [restartedMain] org.apache.catalina.core.StandardEngine  : Starting Servlet engine: [Apache Tomcat/9.0.27]
2019-11-16 20:06:45.232  INFO 45908 --- [restartedMain] o.a.c.c.C.[Tomcat].[localhost].[/]       : Initializing Spring embedded WebApplicationContext
2019-11-16 20:06:45.232 DEBUG 45908 --- [restartedMain] o.s.web.context.ContextLoader            : Published root WebApplicationContext as ServletContext attribute with name [org.springframework.web.context.WebApplicationContext.ROOT]
2019-11-16 20:06:45.232  INFO 45908 --- [restartedMain] o.s.web.context.ContextLoader            : Root WebApplicationContext: initialization completed in 4276 ms
2019-11-16 20:06:45.332  WARN 45908 --- [restartedMain] ConfigServletWebServerApplicationContext : Exception encountered during context initialization - cancelling refresh attempt: org.springframework.beans.factory.UnsatisfiedDependencyException: Error creating bean with name 'mvcConfig': Unsatisfied dependency expressed through method 'addResourceHandlers' parameter 0; nested exception is org.springframework.beans.factory.NoSuchBeanDefinitionException: No qualifying bean of type 'org.springframework.web.servlet.config.annotation.ResourceHandlerRegistry' available: expected at least 1 bean which qualifies as autowire candidate. Dependency annotations: {}
2019-11-16 20:06:45.336  INFO 45908 --- [restartedMain] o.apache.catalina.core.StandardService   : Stopping service [Tomcat]
2019-11-16 20:06:45.365  INFO 45908 --- [restartedMain] ConditionEvaluationReportLoggingListener : 

Error starting ApplicationContext. To display the conditions report re-run your application with 'debug' enabled.
2019-11-16 20:06:45.601 ERROR 45908 --- [restartedMain] o.s.b.d.LoggingFailureAnalysisReporter   : 

***************************
APPLICATION FAILED TO START
***************************

Description:

Parameter 0 of method addResourceHandlers in com.accp.config.MvcConfig required a bean of type 'org.springframework.web.servlet.config.annotation.ResourceHandlerRegistry' that could not be found.


Action:

Consider defining a bean of type 'org.springframework.web.servlet.config.annotation.ResourceHandlerRegistry' in your configuration.

2019-11-16 20:08:27.825  INFO 28892 --- [restartedMain] com.accp.MoneyApplication                : Starting MoneyApplication on BF-201811281012 with PID 28892 (C:\Users\Administrator\git\java30project\Money\target\classes started by Administrator in C:\Users\Administrator\git\java30project\Money)
2019-11-16 20:08:27.826 DEBUG 28892 --- [restartedMain] com.accp.MoneyApplication                : Running with Spring Boot v2.2.1.RELEASE, Spring v5.2.1.RELEASE
2019-11-16 20:08:27.826  INFO 28892 --- [restartedMain] com.accp.MoneyApplication                : No active profile set, falling back to default profiles: default
2019-11-16 20:08:28.987  WARN 28892 --- [restartedMain] org.apache.tomcat.util.modeler.Registry  : The MBean registry cannot be disabled because it has already been initialised
2019-11-16 20:08:29.055  INFO 28892 --- [restartedMain] o.s.b.w.embedded.tomcat.TomcatWebServer  : Tomcat initialized with port(s): 8080 (http)
2019-11-16 20:08:29.056  INFO 28892 --- [restartedMain] o.apache.catalina.core.StandardService   : Starting service [Tomcat]
2019-11-16 20:08:29.056  INFO 28892 --- [restartedMain] org.apache.catalina.core.StandardEngine  : Starting Servlet engine: [Apache Tomcat/9.0.27]
2019-11-16 20:08:29.075  INFO 28892 --- [restartedMain] o.a.c.c.C.[Tomcat-16].[localhost].[/]    : Initializing Spring embedded WebApplicationContext
2019-11-16 20:08:29.075 DEBUG 28892 --- [restartedMain] o.s.web.context.ContextLoader            : Published root WebApplicationContext as ServletContext attribute with name [org.springframework.web.context.WebApplicationContext.ROOT]
2019-11-16 20:08:29.076  INFO 28892 --- [restartedMain] o.s.web.context.ContextLoader            : Root WebApplicationContext: initialization completed in 1247 ms
2019-11-16 20:08:29.096  WARN 28892 --- [restartedMain] ConfigServletWebServerApplicationContext : Exception encountered during context initialization - cancelling refresh attempt: org.springframework.beans.factory.UnsatisfiedDependencyException: Error creating bean with name 'mvcConfig': Unsatisfied dependency expressed through method 'addResourceHandlers' parameter 0; nested exception is org.springframework.beans.factory.NoSuchBeanDefinitionException: No qualifying bean of type 'org.springframework.web.servlet.config.annotation.ResourceHandlerRegistry' available: expected at least 1 bean which qualifies as autowire candidate. Dependency annotations: {}
2019-11-16 20:08:29.097  INFO 28892 --- [restartedMain] o.apache.catalina.core.StandardService   : Stopping service [Tomcat]
2019-11-16 20:08:29.106  INFO 28892 --- [restartedMain] ConditionEvaluationReportLoggingListener : 

Error starting ApplicationContext. To display the conditions report re-run your application with 'debug' enabled.
2019-11-16 20:08:29.228 ERROR 28892 --- [restartedMain] o.s.b.d.LoggingFailureAnalysisReporter   : 

***************************
APPLICATION FAILED TO START
***************************

Description:

Parameter 0 of method addResourceHandlers in com.accp.config.MvcConfig required a bean of type 'org.springframework.web.servlet.config.annotation.ResourceHandlerRegistry' that could not be found.


Action:

Consider defining a bean of type 'org.springframework.web.servlet.config.annotation.ResourceHandlerRegistry' in your configuration.

2019-11-16 20:08:33.936  INFO 51080 --- [restartedMain] com.accp.MoneyApplication                : Starting MoneyApplication on BF-201811281012 with PID 51080 (C:\Users\Administrator\git\java30project\Money\target\classes started by Administrator in C:\Users\Administrator\git\java30project\Money)
2019-11-16 20:08:33.941 DEBUG 51080 --- [restartedMain] com.accp.MoneyApplication                : Running with Spring Boot v2.2.1.RELEASE, Spring v5.2.1.RELEASE
2019-11-16 20:08:33.942  INFO 51080 --- [restartedMain] com.accp.MoneyApplication                : No active profile set, falling back to default profiles: default
2019-11-16 20:08:34.063  INFO 51080 --- [restartedMain] .e.DevToolsPropertyDefaultsPostProcessor : Devtools property defaults active! Set 'spring.devtools.add-properties' to 'false' to disable
2019-11-16 20:08:34.064  INFO 51080 --- [restartedMain] .e.DevToolsPropertyDefaultsPostProcessor : For additional web related logging consider setting the 'logging.level.web' property to 'DEBUG'
2019-11-16 20:08:36.547  INFO 51080 --- [restartedMain] o.s.b.w.embedded.tomcat.TomcatWebServer  : Tomcat initialized with port(s): 8080 (http)
2019-11-16 20:08:36.559  INFO 51080 --- [restartedMain] o.apache.catalina.core.StandardService   : Starting service [Tomcat]
2019-11-16 20:08:36.559  INFO 51080 --- [restartedMain] org.apache.catalina.core.StandardEngine  : Starting Servlet engine: [Apache Tomcat/9.0.27]
2019-11-16 20:08:36.675  INFO 51080 --- [restartedMain] o.a.c.c.C.[Tomcat].[localhost].[/]       : Initializing Spring embedded WebApplicationContext
2019-11-16 20:08:36.675 DEBUG 51080 --- [restartedMain] o.s.web.context.ContextLoader            : Published root WebApplicationContext as ServletContext attribute with name [org.springframework.web.context.WebApplicationContext.ROOT]
2019-11-16 20:08:36.675  INFO 51080 --- [restartedMain] o.s.web.context.ContextLoader            : Root WebApplicationContext: initialization completed in 2611 ms
2019-11-16 20:08:36.742  WARN 51080 --- [restartedMain] ConfigServletWebServerApplicationContext : Exception encountered during context initialization - cancelling refresh attempt: org.springframework.beans.factory.UnsatisfiedDependencyException: Error creating bean with name 'mvcConfig': Unsatisfied dependency expressed through method 'addResourceHandlers' parameter 0; nested exception is org.springframework.beans.factory.NoSuchBeanDefinitionException: No qualifying bean of type 'org.springframework.web.servlet.config.annotation.ResourceHandlerRegistry' available: expected at least 1 bean which qualifies as autowire candidate. Dependency annotations: {}
2019-11-16 20:08:36.746  INFO 51080 --- [restartedMain] o.apache.catalina.core.StandardService   : Stopping service [Tomcat]
2019-11-16 20:08:36.771  INFO 51080 --- [restartedMain] ConditionEvaluationReportLoggingListener : 

Error starting ApplicationContext. To display the conditions report re-run your application with 'debug' enabled.
2019-11-16 20:08:37.194 ERROR 51080 --- [restartedMain] o.s.b.d.LoggingFailureAnalysisReporter   : 

***************************
APPLICATION FAILED TO START
***************************

Description:

Parameter 0 of method addResourceHandlers in com.accp.config.MvcConfig required a bean of type 'org.springframework.web.servlet.config.annotation.ResourceHandlerRegistry' that could not be found.


Action:

Consider defining a bean of type 'org.springframework.web.servlet.config.annotation.ResourceHandlerRegistry' in your configuration.

